0 info it worked if it ends with ok
1 verbose cli [ 'C:\\Program Files\\nodejs\\node.exe',
1 verbose cli   'C:\\Program Files\\nodejs\\node_modules\\npm\\bin\\npm-cli.js',
1 verbose cli   'start' ]
2 info using npm@3.3.12
3 info using node@v5.1.0
4 verbose run-script [ 'prestart', 'start', 'poststart' ]
5 info lifecycle resources@1.0.0~prestart: resources@1.0.0
6 silly lifecycle resources@1.0.0~prestart: no script for prestart, continuing
7 info lifecycle resources@1.0.0~start: resources@1.0.0
8 verbose lifecycle resources@1.0.0~start: unsafe-perm in lifecycle true
9 verbose lifecycle resources@1.0.0~start: PATH: C:\Program Files\nodejs\node_modules\npm\bin\node-gyp-bin;D:\IDEA\react-spring\src\main\resources\node_modules\.bin;C:\ProgramData\Oracle\Java\javapath;C:\Program Files (x86)\Intel\iCLS Client\;C:\Program Files\Intel\iCLS Client\;C:\Program Files (x86)\NVIDIA Corporation\PhysX\Common;C:\WINDOWS\system32;C:\WINDOWS;C:\WINDOWS\System32\Wbem;C:\WINDOWS\System32\WindowsPowerShell\v1.0\;C:\Program Files (x86)\Intel\OpenCL SDK\3.0\bin\x86;C:\Program Files (x86)\Intel\OpenCL SDK\3.0\bin\x64;C:\Program Files\Intel\Intel(R) Management Engine Components\DAL;C:\Program Files\Intel\Intel(R) Management Engine Components\IPT;C:\Program Files (x86)\Intel\Intel(R) Management Engine Components\DAL;C:\Program Files (x86)\Intel\Intel(R) Management Engine Components\IPT;C:\Program Files\Intel\WiFi\bin\;C:\Program Files\Common Files\Intel\WirelessCommon\;C:\Program Files (x86)\Windows Kits\8.1\Windows Performance Toolkit\;C:\Program Files\Microsoft SQL Server\110\Tools\Binn\;C:\Program Files\TortoiseSVN\bin;C:\Program Files (x86)\VisualSVN\bin;C:\Program Files (x86)\Microsoft Visual Studio 12.0\VC\bin;C:\Program Files (x86)\Microsoft Visual Studio 12.0\Common7\IDE;C:\cygwin64\bin;C:\Program Files\Java\jdk1.8.0_31/bin; C:\Program Files\Redis;C:\Users\yl\AppData\Roaming\nvm;C:\Program Files\nodejs;C:\Program Files\PostgreSQL\9.4\bin;D:\node-dev\.bin;D:\elasticsearch-1.5.2\bin;C:\Program Files (x86)\Git\cmd;C:\Program Files (x86)\Git\bin;C:\Program Files (x86)\MySQL\MySQL Fabric 1.5.4 & MySQL Utilities 1.5.4 1.5\;C:\Program Files (x86)\MySQL\MySQL Fabric 1.5.4 & MySQL Utilities 1.5.4 1.5\Doctrine extensions for PHP\;C:\Program Files\MySQL\MySQL Server 5.6\bin;c:\Program Files (x86)\QuickTime\QTSystem\;C:\Program Files\nodejs\;C:\Python34\python.exe;C:\Program Files (x86)\apache-maven-3.1.1\bin;C:\Program Files (x86)\Microsoft Visual Studio 12.0\VC\bin;C:\Program Files (x86)\Microsoft Visual Studio 12.0\Common7\IDE;C:\cygwin64\bin;C:\Program Files (x86)\apache-maven-3.1.1\bin;C:\Program Files\Java\jdk1.8.0_31\bin;C:\Program Files\Java\jdk1.8.0_31\jre\bin;C:\Program Files (x86)\curl-7.42.1;C:\Program Files\MongoDB\Server\3.0\bin;C:\Program Files\Redis;C:\Users\yl\AppData\Roaming\nvm;C:\Program Files\nodejs;C:\Program Files\PostgreSQL\9.4\bin;D:\node-dev\.bin;D:\elasticsearch-1.5.2\bin;C:\Program Files (x86)\Git\bin;C:\Program Files\MySQL\MySQL Server 5.6\bin;C:\Users\yl\AppData\Roaming\npm;
10 verbose lifecycle resources@1.0.0~start: CWD: D:\IDEA\react-spring\src\main\resources
11 silly lifecycle resources@1.0.0~start: Args: [ '/d /s /c', 'node server.js' ]
12 silly lifecycle resources@1.0.0~start: Returned: code: 1  signal: null
13 info lifecycle resources@1.0.0~start: Failed to exec start script
14 verbose stack Error: resources@1.0.0 start: `node server.js`
14 verbose stack Exit status 1
14 verbose stack     at EventEmitter.<anonymous> (C:\Program Files\nodejs\node_modules\npm\lib\utils\lifecycle.js:232:16)
14 verbose stack     at emitTwo (events.js:87:13)
14 verbose stack     at EventEmitter.emit (events.js:172:7)
14 verbose stack     at ChildProcess.<anonymous> (C:\Program Files\nodejs\node_modules\npm\lib\utils\spawn.js:24:14)
14 verbose stack     at emitTwo (events.js:87:13)
14 verbose stack     at ChildProcess.emit (events.js:172:7)
14 verbose stack     at maybeClose (internal/child_process.js:818:16)
14 verbose stack     at Process.ChildProcess._handle.onexit (internal/child_process.js:211:5)
15 verbose pkgid resources@1.0.0
16 verbose cwd D:\IDEA\react-spring\src\main\resources
17 error Windows_NT 10.0.10586
18 error argv "C:\\Program Files\\nodejs\\node.exe" "C:\\Program Files\\nodejs\\node_modules\\npm\\bin\\npm-cli.js" "start"
19 error node v5.1.0
20 error npm  v3.3.12
21 error code ELIFECYCLE
22 error resources@1.0.0 start: `node server.js`
22 error Exit status 1
23 error Failed at the resources@1.0.0 start script 'node server.js'.
23 error Make sure you have the latest version of node.js and npm installed.
23 error If you do, this is most likely a problem with the resources package,
23 error not with npm itself.
23 error Tell the author that this fails on your system:
23 error     node server.js
23 error You can get their info via:
23 error     npm owner ls resources
23 error There is likely additional logging output above.
24 verbose exit [ 1, true ]
